-------------------------------------------------------------------------------
Test set: com.mycompany.testmavenproyecto.metodosProyectoMavenTest
-------------------------------------------------------------------------------
Tests run: 7, Failures: 4, Errors: 0, Skipped: 0, Time elapsed: 0.063 sec <<< FAILURE!
com.mycompany.testmavenproyecto.metodosProyectoMavenTest.testGetApellido()  Time elapsed: 0.031 sec  <<< FAILURE!
org.opentest4j.AssertionFailedError: expected: <valverde> but was: <null>
	at org.junit.jupiter.api.AssertionUtils.fail(AssertionUtils.java:55)
	at org.junit.jupiter.api.AssertionUtils.failNotEqual(AssertionUtils.java:62)
	at org.junit.jupiter.api.AssertEquals.assertEquals(AssertEquals.java:182)
	at org.junit.jupiter.api.AssertEquals.assertEquals(AssertEquals.java:177)
	at org.junit.jupiter.api.Assertions.assertEquals(Assertions.java:1124)
	at com.mycompany.testmavenproyecto.metodosProyectoMavenTest.testGetApellido(metodosProyectoMavenTest.java:75)

com.mycompany.testmavenproyecto.metodosProyectoMavenTest.testGetnIdentidad()  Time elapsed: 0 sec  <<< FAILURE!
org.opentest4j.AssertionFailedError: expected: <37482642F> but was: <null>
	at org.junit.jupiter.api.AssertionUtils.fail(AssertionUtils.java:55)
	at org.junit.jupiter.api.AssertionUtils.failNotEqual(AssertionUtils.java:62)
	at org.junit.jupiter.api.AssertEquals.assertEquals(AssertEquals.java:182)
	at org.junit.jupiter.api.AssertEquals.assertEquals(AssertEquals.java:177)
	at org.junit.jupiter.api.Assertions.assertEquals(Assertions.java:1124)
	at com.mycompany.testmavenproyecto.metodosProyectoMavenTest.testGetnIdentidad(metodosProyectoMavenTest.java:100)

com.mycompany.testmavenproyecto.metodosProyectoMavenTest.testToString()  Time elapsed: 0.032 sec  <<< FAILURE!
org.opentest4j.AssertionFailedError: expected: <> but was: <metodosProyectoMaven{nombre=null, apellido=null, nIdentidad=null}>
	at org.junit.jupiter.api.AssertionUtils.fail(AssertionUtils.java:55)
	at org.junit.jupiter.api.AssertionUtils.failNotEqual(AssertionUtils.java:62)
	at org.junit.jupiter.api.AssertEquals.assertEquals(AssertEquals.java:182)
	at org.junit.jupiter.api.AssertEquals.assertEquals(AssertEquals.java:177)
	at org.junit.jupiter.api.Assertions.assertEquals(Assertions.java:1124)
	at com.mycompany.testmavenproyecto.metodosProyectoMavenTest.testToString(metodosProyectoMavenTest.java:125)

com.mycompany.testmavenproyecto.metodosProyectoMavenTest.testGetNombre()  Time elapsed: 0 sec  <<< FAILURE!
org.opentest4j.AssertionFailedError: expected: <jesus> but was: <null>
	at org.junit.jupiter.api.AssertionUtils.fail(AssertionUtils.java:55)
	at org.junit.jupiter.api.AssertionUtils.failNotEqual(AssertionUtils.java:62)
	at org.junit.jupiter.api.AssertEquals.assertEquals(AssertEquals.java:182)
	at org.junit.jupiter.api.AssertEquals.assertEquals(AssertEquals.java:177)
	at org.junit.jupiter.api.Assertions.assertEquals(Assertions.java:1124)
	at com.mycompany.testmavenproyecto.metodosProyectoMavenTest.testGetNombre(metodosProyectoMavenTest.java:50)

