<?xml version="1.0" encoding="UTF-8" ?>
<testsuite tests="7" failures="4" name="com.mycompany.testmavenproyecto.metodosProyectoMavenTest" time="0.063" errors="0" skipped="0">
  <properties>
[...]
</properties>
  <testcase classname="com.mycompany.testmavenproyecto.metodosProyectoMavenTest" name="com.mycompany.testmavenproyecto.metodosProyectoMavenTest.testGetApellido" time="0.031">
    <failure message="expected: &lt;valverde&gt; but was: &lt;null&gt;" type="org.opentest4j.AssertionFailedError">org.opentest4j.AssertionFailedError: expected: &lt;valverde&gt; but was: &lt;null&gt;
	at org.junit.jupiter.api.AssertionUtils.fail(AssertionUtils.java:55)
	at org.junit.jupiter.api.AssertionUtils.failNotEqual(AssertionUtils.java:62)
	at org.junit.jupiter.api.AssertEquals.assertEquals(AssertEquals.java:182)
	at org.junit.jupiter.api.AssertEquals.assertEquals(AssertEquals.java:177)
	at org.junit.jupiter.api.Assertions.assertEquals(Assertions.java:1124)
	at com.mycompany.testmavenproyecto.metodosProyectoMavenTest.testGetApellido(metodosProyectoMavenTest.java:75)
</failure>
    <system-out>getApellido
</system-out>
  </testcase>
  <testcase classname="com.mycompany.testmavenproyecto.metodosProyectoMavenTest" name="com.mycompany.testmavenproyecto.metodosProyectoMavenTest.testGetnIdentidad" time="0">
    <failure message="expected: &lt;37482642F&gt; but was: &lt;null&gt;" type="org.opentest4j.AssertionFailedError">org.opentest4j.AssertionFailedError: expected: &lt;37482642F&gt; but was: &lt;null&gt;
	at org.junit.jupiter.api.AssertionUtils.fail(AssertionUtils.java:55)
	at org.junit.jupiter.api.AssertionUtils.failNotEqual(AssertionUtils.java:62)
	at org.junit.jupiter.api.AssertEquals.assertEquals(AssertEquals.java:182)
	at org.junit.jupiter.api.AssertEquals.assertEquals(AssertEquals.java:177)
	at org.junit.jupiter.api.Assertions.assertEquals(Assertions.java:1124)
	at com.mycompany.testmavenproyecto.metodosProyectoMavenTest.testGetnIdentidad(metodosProyectoMavenTest.java:100)
</failure>
    <system-out>getnIdentidad
</system-out>
  </testcase>
  <testcase classname="com.mycompany.testmavenproyecto.metodosProyectoMavenTest" name="com.mycompany.testmavenproyecto.metodosProyectoMavenTest.testSetApellido" time="0"/>
  <testcase classname="com.mycompany.testmavenproyecto.metodosProyectoMavenTest" name="com.mycompany.testmavenproyecto.metodosProyectoMavenTest.testSetnIdentidad" time="0"/>
  <testcase classname="com.mycompany.testmavenproyecto.metodosProyectoMavenTest" name="com.mycompany.testmavenproyecto.metodosProyectoMavenTest.testToString" time="0.032">
    <failure message="expected: &lt;&gt; but was: &lt;metodosProyectoMaven{nombre=null, apellido=null, nIdentidad=null}&gt;" type="org.opentest4j.AssertionFailedError">org.opentest4j.AssertionFailedError: expected: &lt;&gt; but was: &lt;metodosProyectoMaven{nombre=null, apellido=null, nIdentidad=null}&gt;
	at org.junit.jupiter.api.AssertionUtils.fail(AssertionUtils.java:55)
	at org.junit.jupiter.api.AssertionUtils.failNotEqual(AssertionUtils.java:62)
	at org.junit.jupiter.api.AssertEquals.assertEquals(AssertEquals.java:182)
	at org.junit.jupiter.api.AssertEquals.assertEquals(AssertEquals.java:177)
	at org.junit.jupiter.api.Assertions.assertEquals(Assertions.java:1124)
	at com.mycompany.testmavenproyecto.metodosProyectoMavenTest.testToString(metodosProyectoMavenTest.java:125)
</failure>
    <system-out>toString
</system-out>
  </testcase>
  <testcase classname="com.mycompany.testmavenproyecto.metodosProyectoMavenTest" name="com.mycompany.testmavenproyecto.metodosProyectoMavenTest.testSetNombre" time="0"/>
  <testcase classname="com.mycompany.testmavenproyecto.metodosProyectoMavenTest" name="com.mycompany.testmavenproyecto.metodosProyectoMavenTest.testGetNombre" time="0">
    <failure message="expected: &lt;jesus&gt; but was: &lt;null&gt;" type="org.opentest4j.AssertionFailedError">org.opentest4j.AssertionFailedError: expected: &lt;jesus&gt; but was: &lt;null&gt;
	at org.junit.jupiter.api.AssertionUtils.fail(AssertionUtils.java:55)
	at org.junit.jupiter.api.AssertionUtils.failNotEqual(AssertionUtils.java:62)
	at org.junit.jupiter.api.AssertEquals.assertEquals(AssertEquals.java:182)
	at org.junit.jupiter.api.AssertEquals.assertEquals(AssertEquals.java:177)
	at org.junit.jupiter.api.Assertions.assertEquals(Assertions.java:1124)
	at com.mycompany.testmavenproyecto.metodosProyectoMavenTest.testGetNombre(metodosProyectoMavenTest.java:50)
</failure>
    <system-out>getNombre
</system-out>
  </testcase>
</testsuite>